<?xml version="1.0" encoding="UTF-8"?>
<!-- Generated by org.testng.reporters.JUnitReportReporter -->
<testsuite hostname="TYSS-Deepak" failures="0" tests="1" name="com.comcastcrm.organizationtest.CreateOrgTest" time="15.594" errors="0" timestamp="2023-06-30T16:02:20 IST" skipped="0">
  <testcase classname="com.comcastcrm.organizationtest.CreateOrgTest" name="createOrgTest" time="15.594"/>
  <system-out/>
</testsuite> <!-- com.comcastcrm.organizationtest.CreateOrgTest -->
