<?xml version="1.0" encoding="UTF-8"?>
<!-- Generated by org.testng.reporters.JUnitReportReporter -->
<testsuite hostname="TYSS-Deepak" failures="0" tests="1" name="com.comcastcrm.organizationtest.createOrgWithType" time="26.832" errors="0" timestamp="2023-06-30T11:05:06 IST" skipped="0">
  <testcase classname="com.comcastcrm.organizationtest.createOrgWithType" name="createOrgWithMobileNum" time="26.832"/>
  <system-out/>
</testsuite> <!-- com.comcastcrm.organizationtest.createOrgWithType -->
