<?xml version="1.0" encoding="UTF-8"?>
<!-- Generated by org.testng.reporters.JUnitReportReporter -->
<testsuite hostname="TYSS-Deepak" failures="0" tests="1" name="com.comcastcrm.organizationtest.CreateOrgWithPhoneNumber" time="13.818" errors="0" timestamp="2023-06-30T11:10:46 IST" skipped="0">
  <testcase classname="com.comcastcrm.organizationtest.CreateOrgWithPhoneNumber" name="createOrgWithMobileNum" time="13.818"/>
  <system-out/>
</testsuite> <!-- com.comcastcrm.organizationtest.CreateOrgWithPhoneNumber -->
